<?xml version="1.0" encoding="UTF-8"?>
<testsuite xmlns:xsi="http://www.w3.org/2001/XMLSchema-instance" xsi:schemaLocation="https://maven.apache.org/surefire/maven-surefire-plugin/xsd/surefire-test-report.xsd" name="QuickSortTest" time="0.041" tests="6" errors="0" skipped="0" failures="0">
  <properties>
[...]
</properties>
  <testcase name="testWithPersonByAge" classname="QuickSortTest" time="0.014"/>
  <testcase name="testWithCharacter" classname="QuickSortTest" time="0"/>
  <testcase name="testWithDouble" classname="QuickSortTest" time="0.001"/>
  <testcase name="testWithString" classname="QuickSortTest" time="0"/>
  <testcase name="testWithPersonByName" classname="QuickSortTest" time="0"/>
  <testcase name="testWithInteger" classname="QuickSortTest" time="0"/>
</testsuite>